<?xml version="1.0" encoding="UTF-8"?>
<!-- Generated by org.testng.reporters.JUnitReportReporter -->
<testsuite hostname="Chintu-VAIO" name="com.qa.zoopla.Tests.MyTest" tests="1" failures="0" timestamp="16 Apr 2019 18:26:09 GMT" time="76.653" errors="0">
  <testcase name="displayAllPrices" time="76.653" classname="com.qa.zoopla.Tests.MyTest"/>
</testsuite> <!-- com.qa.zoopla.Tests.MyTest -->
